c:\users\nagi1\source\repos\rgb slider\slidebarcontrol\x64\debug\trackbarcontrol.pch
c:\users\nagi1\source\repos\rgb slider\slidebarcontrol\x64\debug\vc143.pdb
c:\users\nagi1\source\repos\rgb slider\slidebarcontrol\x64\debug\pch.obj
c:\users\nagi1\source\repos\rgb slider\slidebarcontrol\x64\debug\slidebarcontrol.obj
c:\users\nagi1\source\repos\rgb slider\slidebarcontrol\x64\debug\myusercontrol.obj
c:\users\nagi1\source\repos\rgb slider\slidebarcontrol\x64\debug\assemblyinfo.obj
c:\users\nagi1\source\repos\rgb slider\slidebarcontrol\x64\debug\.netframework,version=v4.7.2.assemblyattributes.obj
c:\users\nagi1\source\repos\rgb slider\x64\debug\trackbarcontrol.dll
c:\users\nagi1\source\repos\rgb slider\x64\debug\trackbarcontrol.pdb
c:\users\nagi1\source\repos\rgb slider\slidebarcontrol\x64\debug\app.res
c:\users\nagi1\source\repos\rgb slider\slidebarcontrol\x64\debug\trackbarcontrol.tlog\cl.command.1.tlog
c:\users\nagi1\source\repos\rgb slider\slidebarcontrol\x64\debug\trackbarcontrol.tlog\cl.read.1.tlog
c:\users\nagi1\source\repos\rgb slider\slidebarcontrol\x64\debug\trackbarcontrol.tlog\cl.write.1.tlog
c:\users\nagi1\source\repos\rgb slider\slidebarcontrol\x64\debug\trackbarcontrol.tlog\link.command.1.tlog
c:\users\nagi1\source\repos\rgb slider\slidebarcontrol\x64\debug\trackbarcontrol.tlog\link.read.1.tlog
c:\users\nagi1\source\repos\rgb slider\slidebarcontrol\x64\debug\trackbarcontrol.tlog\link.write.1.tlog
c:\users\nagi1\source\repos\rgb slider\slidebarcontrol\x64\debug\trackbarcontrol.tlog\metagen.read.1.tlog
c:\users\nagi1\source\repos\rgb slider\slidebarcontrol\x64\debug\trackbarcontrol.tlog\metagen.write.1.tlog
c:\users\nagi1\source\repos\rgb slider\slidebarcontrol\x64\debug\trackbarcontrol.tlog\rc.command.1.tlog
c:\users\nagi1\source\repos\rgb slider\slidebarcontrol\x64\debug\trackbarcontrol.tlog\rc.read.1.tlog
c:\users\nagi1\source\repos\rgb slider\slidebarcontrol\x64\debug\trackbarcontrol.tlog\rc.write.1.tlog
c:\users\nagi1\source\repos\rgb slider\slidebarcontrol\x64\debug\trackbarcontrol.tlog\resgen.command.1.tlog
c:\users\nagi1\source\repos\rgb slider\slidebarcontrol\x64\debug\trackbarcontrol.tlog\resgen.read.1.tlog
c:\users\nagi1\source\repos\rgb slider\slidebarcontrol\x64\debug\trackbarcontrol.tlog\resgen.write.1.tlog
